[debug] [2018-09-12T11:18:32.125Z] ----------------------------------------------------------------------
[debug] [2018-09-12T11:18:32.127Z] Command:       C:\NodeJS\node.exe C:\NodeJS\node_modules\firebase-tools\bin\firebase deploy --only hosting
[debug] [2018-09-12T11:18:32.127Z] CLI Version:   4.0.0
[debug] [2018-09-12T11:18:32.127Z] Platform:      win32
[debug] [2018-09-12T11:18:32.127Z] Node Version:  v10.3.0
[debug] [2018-09-12T11:18:32.127Z] Time:          Wed Sep 12 2018 20:18:32 GMT+0900 (東京 (標準時))
[debug] [2018-09-12T11:18:32.127Z] ----------------------------------------------------------------------
[debug] 
[debug] [2018-09-12T11:18:32.134Z] > command requires scopes: ["email","openid","https://www.googleapis.com/auth/cloudplatformprojects.readonly","https://www.googleapis.com/auth/firebase","https://www.googleapis.com/auth/cloud-platform"]
[debug] [2018-09-12T11:18:32.135Z] > authorizing via signed-in user
[debug] [2018-09-12T11:18:32.136Z] >>> HTTP REQUEST GET https://admin.firebase.com/v1/projects/api-project-54633717694  
  
 Wed Sep 12 2018 20:18:32 GMT+0900 (東京 (標準時))
[debug] [2018-09-12T11:18:32.837Z] <<< HTTP RESPONSE 200
[debug] [2018-09-12T11:18:32.838Z] >>> HTTP REQUEST GET https://admin.firebase.com/v1/database/api-project-54633717694/tokens  
  
 Wed Sep 12 2018 20:18:32 GMT+0900 (東京 (標準時))
[debug] [2018-09-12T11:18:33.413Z] <<< HTTP RESPONSE 200
[warn] !  functions: package.json indicates an outdated version of firebase-functions.
 Please upgrade using npm install --save firebase-functions@latest in your functions directory.
[info] 
[info] === Deploying to 'api-project-54633717694'...
[info] 
[info] i  deploying hosting
[info] i  hosting: preparing dist directory for upload...
[debug] [2018-09-12T11:18:38.853Z] >>> HTTP REQUEST PUT https://deploy.firebase.com/v1/hosting/api-project-54633717694/uploads/-LMCVGnxQdXH2YANMav7?fileCount=576&message=  
  
 Wed Sep 12 2018 20:18:38 GMT+0900 (東京 (標準時))
